Determining if the pthread_create exist failed with the following output:
Change Dir: /home/nidhi/Github/valgrind/build/CMakeFiles/CMakeTmp

Run Build Command:"/usr/bin/make" "cmTC_33383/fast"
/usr/bin/make -f CMakeFiles/cmTC_33383.dir/build.make CMakeFiles/cmTC_33383.dir/build
make[1]: Entering directory '/home/nidhi/Github/valgrind/build/CMakeFiles/CMakeTmp'
Building C object CMakeFiles/cmTC_33383.dir/CheckSymbolExists.c.o
/usr/bin/cc    -o CMakeFiles/cmTC_33383.dir/CheckSymbolExists.c.o   -c /home/nidhi/Github/valgrind/build/CMakeFiles/CMakeTmp/CheckSymbolExists.c
Linking C executable cmTC_33383
/usr/local/bin/cmake -E cmake_link_script CMakeFiles/cmTC_33383.dir/link.txt --verbose=1
/usr/bin/cc      -rdynamic CMakeFiles/cmTC_33383.dir/CheckSymbolExists.c.o  -o cmTC_33383 
CMakeFiles/cmTC_33383.dir/CheckSymbolExists.c.o: In function `main':
CheckSymbolExists.c:(.text+0x1b): undefined reference to `pthread_create'
collect2: error: ld returned 1 exit status
CMakeFiles/cmTC_33383.dir/build.make:86: recipe for target 'cmTC_33383' failed
make[1]: *** [cmTC_33383] Error 1
make[1]: Leaving directory '/home/nidhi/Github/valgrind/build/CMakeFiles/CMakeTmp'
Makefile:121: recipe for target 'cmTC_33383/fast' failed
make: *** [cmTC_33383/fast] Error 2

File /home/nidhi/Github/valgrind/build/CMakeFiles/CMakeTmp/CheckSymbolExists.c:
/* */
#include <pthread.h>

int main(int argc, char** argv)
{
  (void)argv;
#ifndef pthread_create
  return ((int*)(&pthread_create))[argc];
#else
  (void)argc;
  return 0;
#endif
}

Determining if the function pthread_create exists in the pthreads failed with the following output:
Change Dir: /home/nidhi/Github/valgrind/build/CMakeFiles/CMakeTmp

Run Build Command:"/usr/bin/make" "cmTC_44d56/fast"
/usr/bin/make -f CMakeFiles/cmTC_44d56.dir/build.make CMakeFiles/cmTC_44d56.dir/build
make[1]: Entering directory '/home/nidhi/Github/valgrind/build/CMakeFiles/CMakeTmp'
Building C object CMakeFiles/cmTC_44d56.dir/CheckFunctionExists.c.o
/usr/bin/cc   -DCHECK_FUNCTION_EXISTS=pthread_create   -o CMakeFiles/cmTC_44d56.dir/CheckFunctionExists.c.o   -c /usr/local/share/cmake-3.12/Modules/CheckFunctionExists.c
Linking C executable cmTC_44d56
/usr/local/bin/cmake -E cmake_link_script CMakeFiles/cmTC_44d56.dir/link.txt --verbose=1
/usr/bin/cc  -DCHECK_FUNCTION_EXISTS=pthread_create    -rdynamic CMakeFiles/cmTC_44d56.dir/CheckFunctionExists.c.o  -o cmTC_44d56 -lpthreads 
/usr/bin/ld: cannot find -lpthreads
collect2: error: ld returned 1 exit status
CMakeFiles/cmTC_44d56.dir/build.make:86: recipe for target 'cmTC_44d56' failed
make[1]: *** [cmTC_44d56] Error 1
make[1]: Leaving directory '/home/nidhi/Github/valgrind/build/CMakeFiles/CMakeTmp'
Makefile:121: recipe for target 'cmTC_44d56/fast' failed
make: *** [cmTC_44d56/fast] Error 2


